<?xml version="1.0" encoding="UTF-8"?>
<!-- Generated by org.testng.reporters.JUnitXMLReporter -->
<testsuite hostname="LAPTOP-TBBKICN8" ignored="0" tests="1" failures="1" timestamp="10 Apr 2018 07:40:21 GMT" time="0.64" errors="0">
  <testcase name="launchapp" time="0.056" classname="TestNGClass">
    <failure type="java.lang.IllegalStateException" message="The driver executable does not exist: C:\workspace\fipsar_automation\QA\src\main\resources\drivers\chromedriver.exe">
      <![CDATA[java.lang.IllegalStateException: The driver executable does not exist: C:\workspace\fipsar_automation\QA\src\main\resources\drivers\chromedriver.exe
	at com.google.common.base.Preconditions.checkState(Preconditions.java:582)
	at org.openqa.selenium.remote.service.DriverService.checkExecutable(DriverService.java:136)
	at org.openqa.selenium.remote.service.DriverService.findExecutable(DriverService.java:131)
	at org.openqa.selenium.chrome.ChromeDriverService.access$000(ChromeDriverService.java:32)
	at org.openqa.selenium.chrome.ChromeDriverService$Builder.findDefaultExecutable(ChromeDriverService.java:137)
	at org.openqa.selenium.remote.service.DriverService$Builder.build(DriverService.java:339)
	at org.openqa.selenium.chrome.ChromeDriverService.createDefaultService(ChromeDriverService.java:88)
	at org.openqa.selenium.chrome.ChromeDriver.<init>(ChromeDriver.java:123)
	at com.fipsar.qa.config.ChromeBrowser.createLocalDriver(ChromeBrowser.java:36)
	at com.fipsar.qa.config.DefaultBrowser.createDriver(DefaultBrowser.java:55)
	at com.fipsar.qa.config.DefaultBrowser.initDriver(DefaultBrowser.java:44)
	at com.fipsar.qa.config.DefaultBrowser.getDriver(DefaultBrowser.java:34)
	at TestNGClass.launchapp(TestNGClass.java:88)
	at java.util.concurrent.FutureTask.run(Unknown Source)
	at java.util.concurrent.Executors$RunnableAdapter.call(Unknown Source)
	at java.util.concurrent.FutureTask.run(Unknown Source)
	at java.util.concurrent.ThreadPoolExecutor.runWorker(Unknown Source)
	at java.util.concurrent.ThreadPoolExecutor$Worker.run(Unknown Source)
	at java.lang.Thread.run(Unknown Source)
... Removed 9 stack frames]]>
    </failure>
  </testcase> <!-- launchapp -->
</testsuite>
