<?xml version="1.0" encoding="UTF-8"?>
<testng-results skipped="0" failed="1" ignored="0" total="1" passed="0">
  <reporter-output>
  </reporter-output>
  <suite name="Fipsar QA" duration-ms="640" started-at="2018-04-10T07:40:20Z" finished-at="2018-04-10T07:40:21Z">
    <groups>
    </groups>
    <test name="Fipsar" duration-ms="640" started-at="2018-04-10T07:40:20Z" finished-at="2018-04-10T07:40:21Z">
      <class name="TestNGClass">
        <test-method status="PASS" signature="testCaseProvider()[pri:0, instance:TestNGClass@4883b407]" name="testCaseProvider" is-config="true" duration-ms="515" started-at="2018-04-10T13:10:20Z" finished-at="2018-04-10T13:10:21Z">
          <reporter-output>
          </reporter-output>
        </test-method> <!-- testCaseProvider -->
        <test-method status="FAIL" signature="launchapp(com.fipsar.qa.utils.TestParameters)[pri:0, instance:TestNGClass@4883b407]" name="launchapp" duration-ms="56" started-at="2018-04-10T13:10:21Z" data-provider="data" finished-at="2018-04-10T13:10:21Z">
          <params>
            <param index="0">
              <value>
                <![CDATA[Patient_Reg_NewFundV_Denied_Yes_chrome]]>
              </value>
            </param>
          </params>
          <exception class="java.lang.IllegalStateException">
            <message>
              <![CDATA[The driver executable does not exist: C:\workspace\fipsar_automation\QA\src\main\resources\drivers\chromedriver.exe]]>
            </message>
            <full-stacktrace>
              <![CDATA[java.lang.IllegalStateException: The driver executable does not exist: C:\workspace\fipsar_automation\QA\src\main\resources\drivers\chromedriver.exe
	at com.google.common.base.Preconditions.checkState(Preconditions.java:582)
	at org.openqa.selenium.remote.service.DriverService.checkExecutable(DriverService.java:136)
	at org.openqa.selenium.remote.service.DriverService.findExecutable(DriverService.java:131)
	at org.openqa.selenium.chrome.ChromeDriverService.access$000(ChromeDriverService.java:32)
	at org.openqa.selenium.chrome.ChromeDriverService$Builder.findDefaultExecutable(ChromeDriverService.java:137)
	at org.openqa.selenium.remote.service.DriverService$Builder.build(DriverService.java:339)
	at org.openqa.selenium.chrome.ChromeDriverService.createDefaultService(ChromeDriverService.java:88)
	at org.openqa.selenium.chrome.ChromeDriver.<init>(ChromeDriver.java:123)
	at com.fipsar.qa.config.ChromeBrowser.createLocalDriver(ChromeBrowser.java:36)
	at com.fipsar.qa.config.DefaultBrowser.createDriver(DefaultBrowser.java:55)
	at com.fipsar.qa.config.DefaultBrowser.initDriver(DefaultBrowser.java:44)
	at com.fipsar.qa.config.DefaultBrowser.getDriver(DefaultBrowser.java:34)
	at TestNGClass.launchapp(TestNGClass.java:88)
	at sun.reflect.NativeMethodAccessorImpl.invoke0(Native Method)
	at sun.reflect.NativeMethodAccessorImpl.invoke(Unknown Source)
	at sun.reflect.DelegatingMethodAccessorImpl.invoke(Unknown Source)
	at java.lang.reflect.Method.invoke(Unknown Source)
	at org.testng.internal.MethodInvocationHelper.invokeMethod(MethodInvocationHelper.java:108)
	at org.testng.internal.Invoker.invokeMethod(Invoker.java:661)
	at org.testng.internal.Invoker.invokeTestMethod(Invoker.java:869)
	at org.testng.internal.TestMethodWithDataProviderMethodWorker.call(TestMethodWithDataProviderMethodWorker.java:75)
	at org.testng.internal.TestMethodWithDataProviderMethodWorker.call(TestMethodWithDataProviderMethodWorker.java:14)
	at java.util.concurrent.FutureTask.run(Unknown Source)
	at java.util.concurrent.Executors$RunnableAdapter.call(Unknown Source)
	at java.util.concurrent.FutureTask.run(Unknown Source)
	at java.util.concurrent.ThreadPoolExecutor.runWorker(Unknown Source)
	at java.util.concurrent.ThreadPoolExecutor$Worker.run(Unknown Source)
	at java.lang.Thread.run(Unknown Source)
]]>
            </full-stacktrace>
          </exception> <!-- java.lang.IllegalStateException -->
          <reporter-output>
          </reporter-output>
        </test-method> <!-- launchapp -->
      </class> <!-- TestNGClass -->
    </test> <!-- Fipsar -->
  </suite> <!-- Fipsar QA -->
</testng-results>
