<?xml version="1.0" encoding="UTF-8"?>
<!-- Generated by org.testng.reporters.JUnitXMLReporter -->
<testsuite hostname="LAPTOP-TBBKICN8" ignored="0" tests="1" failures="1" timestamp="09 Mar 2018 19:51:58 GMT" time="136.238" errors="0">
  <testcase name="launchapp" time="135.572" classname="TestNGClass">
    <failure type="java.lang.NullPointerException">
      <![CDATA[java.lang.NullPointerException
	at com.fipsar.qa.commands.Manipulation.verifyElementIsPresent(Manipulation.java:592)
	at com.fipsar.qa.util.CommandUtils.executeAction(CommandUtils.java:427)
	at com.fipsar.qa.datadriver.TestCaseRunner.exectuteTestCase(TestCaseRunner.java:79)
	at TestNGClass.launchapp(TestNGClass.java:130)
	at java.util.concurrent.FutureTask.run(Unknown Source)
	at java.util.concurrent.Executors$RunnableAdapter.call(Unknown Source)
	at java.util.concurrent.FutureTask.run(Unknown Source)
	at java.util.concurrent.ThreadPoolExecutor.runWorker(Unknown Source)
	at java.util.concurrent.ThreadPoolExecutor$Worker.run(Unknown Source)
	at java.lang.Thread.run(Unknown Source)
... Removed 9 stack frames]]>
    </failure>
  </testcase> <!-- launchapp -->
</testsuite>
